<p>Data Source: "Parametric Data:Capacitor" needs yours attention <a href="handler:FFSDSRepairer(Parametric Data:Capacitor)" onClick="window.external.OnLinkClick(this);"><b>Click here to check Data Source.</b></a></p><!#!><raw_html>RAW_HTML</raw_html><scroll>SCROLL_END</scroll>
<p>Data Source: "Parametric Data:Connector" needs yours attention <a href="handler:FFSDSRepairer(Parametric Data:Connector)" onClick="window.external.OnLinkClick(this);"><b>Click here to check Data Source.</b></a></p><!#!><raw_html>RAW_HTML</raw_html><scroll>SCROLL_END</scroll>
<p>Data Source: "Parametric Data:Diode" needs yours attention <a href="handler:FFSDSRepairer(Parametric Data:Diode)" onClick="window.external.OnLinkClick(this);"><b>Click here to check Data Source.</b></a></p><!#!><raw_html>RAW_HTML</raw_html><scroll>SCROLL_END</scroll>
<p>Data Source: "Parametric Data:Oscillator" needs yours attention <a href="handler:FFSDSRepairer(Parametric Data:Oscillator)" onClick="window.external.OnLinkClick(this);"><b>Click here to check Data Source.</b></a></p><!#!><raw_html>RAW_HTML</raw_html><scroll>SCROLL_END</scroll>
<p>Data Source: "Parametric Data:Circuit_Protection" needs yours attention <a href="handler:FFSDSRepairer(Parametric Data:Circuit_Protection)" onClick="window.external.OnLinkClick(this);"><b>Click here to check Data Source.</b></a></p><!#!><raw_html>RAW_HTML</raw_html><scroll>SCROLL_END</scroll>
<p>Data Source: "Parametric Data:Inductor" needs yours attention <a href="handler:FFSDSRepairer(Parametric Data:Inductor)" onClick="window.external.OnLinkClick(this);"><b>Click here to check Data Source.</b></a></p><!#!><raw_html>RAW_HTML</raw_html><scroll>SCROLL_END</scroll>
<p>Data Source: "Parametric Data:Transistor" needs yours attention <a href="handler:FFSDSRepairer(Parametric Data:Transistor)" onClick="window.external.OnLinkClick(this);"><b>Click here to check Data Source.</b></a></p><!#!><raw_html>RAW_HTML</raw_html><scroll>SCROLL_END</scroll>
<p>Data Source: "Parametric Data:IC" needs yours attention <a href="handler:FFSDSRepairer(Parametric Data:IC)" onClick="window.external.OnLinkClick(this);"><b>Click here to check Data Source.</b></a></p><!#!><raw_html>RAW_HTML</raw_html><scroll>SCROLL_END</scroll>
<p>Data Source: "Parametric Data:Display" needs yours attention <a href="handler:FFSDSRepairer(Parametric Data:Display)" onClick="window.external.OnLinkClick(this);"><b>Click here to check Data Source.</b></a></p><!#!><raw_html>RAW_HTML</raw_html><scroll>SCROLL_END</scroll>
ICDB server [info]: Starting [Autosave] backup process
ICDB server [info]: [AutoSave] backup of size [38.3 kB] created successfully in location [C:\PADSViewer Projects\DxProjects\Thermistor_Board\ProjectBackup\backups\2017-04-16 10.22.50 - auto.zip]
<p>Data Source: "Parametric Data:Connector" needs yours attention <a href="handler:FFSDSRepairer(Parametric Data:Connector)" onClick="window.external.OnLinkClick(this);"><b>Click here to check Data Source.</b></a></p><!#!><raw_html>RAW_HTML</raw_html><scroll>SCROLL_END</scroll>
<p>Data Source: "Parametric Data:Diode" needs yours attention <a href="handler:FFSDSRepairer(Parametric Data:Diode)" onClick="window.external.OnLinkClick(this);"><b>Click here to check Data Source.</b></a></p><!#!><raw_html>RAW_HTML</raw_html><scroll>SCROLL_END</scroll>
<p>Data Source: "Parametric Data:IC" needs yours attention <a href="handler:FFSDSRepairer(Parametric Data:IC)" onClick="window.external.OnLinkClick(this);"><b>Click here to check Data Source.</b></a></p><!#!><raw_html>RAW_HTML</raw_html><scroll>SCROLL_END</scroll>
<p>Data Source: "Parametric Data:Oscillator" needs yours attention <a href="handler:FFSDSRepairer(Parametric Data:Oscillator)" onClick="window.external.OnLinkClick(this);"><b>Click here to check Data Source.</b></a></p><!#!><raw_html>RAW_HTML</raw_html><scroll>SCROLL_END</scroll>
<p>Data Source: "Parametric Data:Circuit_Protection" needs yours attention <a href="handler:FFSDSRepairer(Parametric Data:Circuit_Protection)" onClick="window.external.OnLinkClick(this);"><b>Click here to check Data Source.</b></a></p><!#!><raw_html>RAW_HTML</raw_html><scroll>SCROLL_END</scroll>
<p>Data Source: "Parametric Data:Capacitor" needs yours attention <a href="handler:FFSDSRepairer(Parametric Data:Capacitor)" onClick="window.external.OnLinkClick(this);"><b>Click here to check Data Source.</b></a></p><!#!><raw_html>RAW_HTML</raw_html><scroll>SCROLL_END</scroll>
<p>Data Source: "Parametric Data:Inductor" needs yours attention <a href="handler:FFSDSRepairer(Parametric Data:Inductor)" onClick="window.external.OnLinkClick(this);"><b>Click here to check Data Source.</b></a></p><!#!><raw_html>RAW_HTML</raw_html><scroll>SCROLL_END</scroll>
<p>Data Source: "Parametric Data:Transistor" needs yours attention <a href="handler:FFSDSRepairer(Parametric Data:Transistor)" onClick="window.external.OnLinkClick(this);"><b>Click here to check Data Source.</b></a></p><!#!><raw_html>RAW_HTML</raw_html><scroll>SCROLL_END</scroll>
<p>Data Source: "Parametric Data:Resistor" needs yours attention <a href="handler:FFSDSRepairer(Parametric Data:Resistor)" onClick="window.external.OnLinkClick(this);"><b>Click here to check Data Source.</b></a></p><!#!><raw_html>RAW_HTML</raw_html><scroll>SCROLL_END</scroll>
<p>Data Source: "Parametric Data:Display" needs yours attention <a href="handler:FFSDSRepairer(Parametric Data:Display)" onClick="window.external.OnLinkClick(this);"><b>Click here to check Data Source.</b></a></p><!#!><raw_html>RAW_HTML</raw_html><scroll>SCROLL_END</scroll>
<p>Data Source: "Parametric Data:Capacitor" needs yours attention <a href="handler:FFSDSRepairer(Parametric Data:Capacitor)" onClick="window.external.OnLinkClick(this);"><b>Click here to check Data Source.</b></a></p><!#!><raw_html>RAW_HTML</raw_html><scroll>SCROLL_END</scroll>
<p>Data Source: "Parametric Data:Circuit_Protection" needs yours attention <a href="handler:FFSDSRepairer(Parametric Data:Circuit_Protection)" onClick="window.external.OnLinkClick(this);"><b>Click here to check Data Source.</b></a></p><!#!><raw_html>RAW_HTML</raw_html><scroll>SCROLL_END</scroll>
<p>Data Source: "Parametric Data:Connector" needs yours attention <a href="handler:FFSDSRepairer(Parametric Data:Connector)" onClick="window.external.OnLinkClick(this);"><b>Click here to check Data Source.</b></a></p><!#!><raw_html>RAW_HTML</raw_html><scroll>SCROLL_END</scroll>
<p>Data Source: "Parametric Data:Diode" needs yours attention <a href="handler:FFSDSRepairer(Parametric Data:Diode)" onClick="window.external.OnLinkClick(this);"><b>Click here to check Data Source.</b></a></p><!#!><raw_html>RAW_HTML</raw_html><scroll>SCROLL_END</scroll>
<p>Data Source: "Parametric Data:IC" needs yours attention <a href="handler:FFSDSRepairer(Parametric Data:IC)" onClick="window.external.OnLinkClick(this);"><b>Click here to check Data Source.</b></a></p><!#!><raw_html>RAW_HTML</raw_html><scroll>SCROLL_END</scroll>
<p>Data Source: "Parametric Data:Transistor" needs yours attention <a href="handler:FFSDSRepairer(Parametric Data:Transistor)" onClick="window.external.OnLinkClick(this);"><b>Click here to check Data Source.</b></a></p><!#!><raw_html>RAW_HTML</raw_html><scroll>SCROLL_END</scroll>
<p>Data Source: "Parametric Data:Resistor" needs yours attention <a href="handler:FFSDSRepairer(Parametric Data:Resistor)" onClick="window.external.OnLinkClick(this);"><b>Click here to check Data Source.</b></a></p><!#!><raw_html>RAW_HTML</raw_html><scroll>SCROLL_END</scroll>
<p>Data Source: "Parametric Data:Display" needs yours attention <a href="handler:FFSDSRepairer(Parametric Data:Display)" onClick="window.external.OnLinkClick(this);"><b>Click here to check Data Source.</b></a></p><!#!><raw_html>RAW_HTML</raw_html><scroll>SCROLL_END</scroll>
<p>Data Source: "Parametric Data:Inductor" needs yours attention <a href="handler:FFSDSRepairer(Parametric Data:Inductor)" onClick="window.external.OnLinkClick(this);"><b>Click here to check Data Source.</b></a></p><!#!><raw_html>RAW_HTML</raw_html><scroll>SCROLL_END</scroll>
<p>Data Source: "Parametric Data:Oscillator" needs yours attention <a href="handler:FFSDSRepairer(Parametric Data:Oscillator)" onClick="window.external.OnLinkClick(this);"><b>Click here to check Data Source.</b></a></p><!#!><raw_html>RAW_HTML</raw_html><scroll>SCROLL_END</scroll>
ICDB server [info]: Starting [Autosave] backup process
ICDB server [info]: [AutoSave] backup of size [41.8 kB] created successfully in location [C:\PADSViewer Projects\DxProjects\Thermistor_Board\ProjectBackup\backups\2017-04-17 10.46.45 - auto.zip]
<p>Data Source: "Parametric Data:Circuit_Protection" needs yours attention <a href="handler:FFSDSRepairer(Parametric Data:Circuit_Protection)" onClick="window.external.OnLinkClick(this);"><b>Click here to check Data Source.</b></a></p><!#!><raw_html>RAW_HTML</raw_html><scroll>SCROLL_END</scroll>
<p>Data Source: "Parametric Data:Connector" needs yours attention <a href="handler:FFSDSRepairer(Parametric Data:Connector)" onClick="window.external.OnLinkClick(this);"><b>Click here to check Data Source.</b></a></p><!#!><raw_html>RAW_HTML</raw_html><scroll>SCROLL_END</scroll>
<p>Data Source: "Parametric Data:Diode" needs yours attention <a href="handler:FFSDSRepairer(Parametric Data:Diode)" onClick="window.external.OnLinkClick(this);"><b>Click here to check Data Source.</b></a></p><!#!><raw_html>RAW_HTML</raw_html><scroll>SCROLL_END</scroll>
<p>Data Source: "Parametric Data:Display" needs yours attention <a href="handler:FFSDSRepairer(Parametric Data:Display)" onClick="window.external.OnLinkClick(this);"><b>Click here to check Data Source.</b></a></p><!#!><raw_html>RAW_HTML</raw_html><scroll>SCROLL_END</scroll>
<p>Data Source: "Parametric Data:IC" needs yours attention <a href="handler:FFSDSRepairer(Parametric Data:IC)" onClick="window.external.OnLinkClick(this);"><b>Click here to check Data Source.</b></a></p><!#!><raw_html>RAW_HTML</raw_html><scroll>SCROLL_END</scroll>
<p>Data Source: "Parametric Data:Capacitor" needs yours attention <a href="handler:FFSDSRepairer(Parametric Data:Capacitor)" onClick="window.external.OnLinkClick(this);"><b>Click here to check Data Source.</b></a></p><!#!><raw_html>RAW_HTML</raw_html><scroll>SCROLL_END</scroll>
<p>Data Source: "Parametric Data:Inductor" needs yours attention <a href="handler:FFSDSRepairer(Parametric Data:Inductor)" onClick="window.external.OnLinkClick(this);"><b>Click here to check Data Source.</b></a></p><!#!><raw_html>RAW_HTML</raw_html><scroll>SCROLL_END</scroll>
<p>Data Source: "Parametric Data:Transistor" needs yours attention <a href="handler:FFSDSRepairer(Parametric Data:Transistor)" onClick="window.external.OnLinkClick(this);"><b>Click here to check Data Source.</b></a></p><!#!><raw_html>RAW_HTML</raw_html><scroll>SCROLL_END</scroll>
<p>Data Source: "Parametric Data:Resistor" needs yours attention <a href="handler:FFSDSRepairer(Parametric Data:Resistor)" onClick="window.external.OnLinkClick(this);"><b>Click here to check Data Source.</b></a></p><!#!><raw_html>RAW_HTML</raw_html><scroll>SCROLL_END</scroll>
<p>Data Source: "Parametric Data:Oscillator" needs yours attention <a href="handler:FFSDSRepairer(Parametric Data:Oscillator)" onClick="window.external.OnLinkClick(this);"><b>Click here to check Data Source.</b></a></p><!#!><raw_html>RAW_HTML</raw_html><scroll>SCROLL_END</scroll>
<p>Data Source: "Parametric Data:Capacitor" needs yours attention <a href="handler:FFSDSRepairer(Parametric Data:Capacitor)" onClick="window.external.OnLinkClick(this);"><b>Click here to check Data Source.</b></a></p><!#!><raw_html>RAW_HTML</raw_html><scroll>SCROLL_END</scroll>
<p>Data Source: "Parametric Data:Connector" needs yours attention <a href="handler:FFSDSRepairer(Parametric Data:Connector)" onClick="window.external.OnLinkClick(this);"><b>Click here to check Data Source.</b></a></p><!#!><raw_html>RAW_HTML</raw_html><scroll>SCROLL_END</scroll>
<p>Data Source: "Parametric Data:Display" needs yours attention <a href="handler:FFSDSRepairer(Parametric Data:Display)" onClick="window.external.OnLinkClick(this);"><b>Click here to check Data Source.</b></a></p><!#!><raw_html>RAW_HTML</raw_html><scroll>SCROLL_END</scroll>
<p>Data Source: "Parametric Data:IC" needs yours attention <a href="handler:FFSDSRepairer(Parametric Data:IC)" onClick="window.external.OnLinkClick(this);"><b>Click here to check Data Source.</b></a></p><!#!><raw_html>RAW_HTML</raw_html><scroll>SCROLL_END</scroll>
<p>Data Source: "Parametric Data:Circuit_Protection" needs yours attention <a href="handler:FFSDSRepairer(Parametric Data:Circuit_Protection)" onClick="window.external.OnLinkClick(this);"><b>Click here to check Data Source.</b></a></p><!#!><raw_html>RAW_HTML</raw_html><scroll>SCROLL_END</scroll>
<p>Data Source: "Parametric Data:Diode" needs yours attention <a href="handler:FFSDSRepairer(Parametric Data:Diode)" onClick="window.external.OnLinkClick(this);"><b>Click here to check Data Source.</b></a></p><!#!><raw_html>RAW_HTML</raw_html><scroll>SCROLL_END</scroll>
<p>Data Source: "Parametric Data:Inductor" needs yours attention <a href="handler:FFSDSRepairer(Parametric Data:Inductor)" onClick="window.external.OnLinkClick(this);"><b>Click here to check Data Source.</b></a></p><!#!><raw_html>RAW_HTML</raw_html><scroll>SCROLL_END</scroll>
<p>Data Source: "Parametric Data:Oscillator" needs yours attention <a href="handler:FFSDSRepairer(Parametric Data:Oscillator)" onClick="window.external.OnLinkClick(this);"><b>Click here to check Data Source.</b></a></p><!#!><raw_html>RAW_HTML</raw_html><scroll>SCROLL_END</scroll>
<p>Data Source: "Parametric Data:Resistor" needs yours attention <a href="handler:FFSDSRepairer(Parametric Data:Resistor)" onClick="window.external.OnLinkClick(this);"><b>Click here to check Data Source.</b></a></p><!#!><raw_html>RAW_HTML</raw_html><scroll>SCROLL_END</scroll>
<p>Data Source: "Parametric Data:Transistor" needs yours attention <a href="handler:FFSDSRepairer(Parametric Data:Transistor)" onClick="window.external.OnLinkClick(this);"><b>Click here to check Data Source.</b></a></p><!#!><raw_html>RAW_HTML</raw_html><scroll>SCROLL_END</scroll>
<p>Data Source: "Parametric Data:Capacitor" needs yours attention <a href="handler:FFSDSRepairer(Parametric Data:Capacitor)" onClick="window.external.OnLinkClick(this);"><b>Click here to check Data Source.</b></a></p><!#!><raw_html>RAW_HTML</raw_html><scroll>SCROLL_END</scroll>
<p>Data Source: "Parametric Data:Circuit_Protection" needs yours attention <a href="handler:FFSDSRepairer(Parametric Data:Circuit_Protection)" onClick="window.external.OnLinkClick(this);"><b>Click here to check Data Source.</b></a></p><!#!><raw_html>RAW_HTML</raw_html><scroll>SCROLL_END</scroll>
<p>Data Source: "Parametric Data:Inductor" needs yours attention <a href="handler:FFSDSRepairer(Parametric Data:Inductor)" onClick="window.external.OnLinkClick(this);"><b>Click here to check Data Source.</b></a></p><!#!><raw_html>RAW_HTML</raw_html><scroll>SCROLL_END</scroll>
<p>Data Source: "Parametric Data:Transistor" needs yours attention <a href="handler:FFSDSRepairer(Parametric Data:Transistor)" onClick="window.external.OnLinkClick(this);"><b>Click here to check Data Source.</b></a></p><!#!><raw_html>RAW_HTML</raw_html><scroll>SCROLL_END</scroll>
<p>Data Source: "Parametric Data:Diode" needs yours attention <a href="handler:FFSDSRepairer(Parametric Data:Diode)" onClick="window.external.OnLinkClick(this);"><b>Click here to check Data Source.</b></a></p><!#!><raw_html>RAW_HTML</raw_html><scroll>SCROLL_END</scroll>
<p>Data Source: "Parametric Data:Display" needs yours attention <a href="handler:FFSDSRepairer(Parametric Data:Display)" onClick="window.external.OnLinkClick(this);"><b>Click here to check Data Source.</b></a></p><!#!><raw_html>RAW_HTML</raw_html><scroll>SCROLL_END</scroll>
<p>Data Source: "Parametric Data:IC" needs yours attention <a href="handler:FFSDSRepairer(Parametric Data:IC)" onClick="window.external.OnLinkClick(this);"><b>Click here to check Data Source.</b></a></p><!#!><raw_html>RAW_HTML</raw_html><scroll>SCROLL_END</scroll>
<p>Data Source: "Parametric Data:Connector" needs yours attention <a href="handler:FFSDSRepairer(Parametric Data:Connector)" onClick="window.external.OnLinkClick(this);"><b>Click here to check Data Source.</b></a></p><!#!><raw_html>RAW_HTML</raw_html><scroll>SCROLL_END</scroll>
<p>Data Source: "Parametric Data:Oscillator" needs yours attention <a href="handler:FFSDSRepairer(Parametric Data:Oscillator)" onClick="window.external.OnLinkClick(this);"><b>Click here to check Data Source.</b></a></p><!#!><raw_html>RAW_HTML</raw_html><scroll>SCROLL_END</scroll>
<p>Data Source: "Parametric Data:Resistor" needs yours attention <a href="handler:FFSDSRepairer(Parametric Data:Resistor)" onClick="window.external.OnLinkClick(this);"><b>Click here to check Data Source.</b></a></p><!#!><raw_html>RAW_HTML</raw_html><scroll>SCROLL_END</scroll>
<p>Data Source: "Parametric Data:Diode" needs yours attention <a href="handler:FFSDSRepairer(Parametric Data:Diode)" onClick="window.external.OnLinkClick(this);"><b>Click here to check Data Source.</b></a></p><!#!><raw_html>RAW_HTML</raw_html><scroll>SCROLL_END</scroll>
<p>Data Source: "Parametric Data:Display" needs yours attention <a href="handler:FFSDSRepairer(Parametric Data:Display)" onClick="window.external.OnLinkClick(this);"><b>Click here to check Data Source.</b></a></p><!#!><raw_html>RAW_HTML</raw_html><scroll>SCROLL_END</scroll>
<p>Data Source: "Parametric Data:Circuit_Protection" needs yours attention <a href="handler:FFSDSRepairer(Parametric Data:Circuit_Protection)" onClick="window.external.OnLinkClick(this);"><b>Click here to check Data Source.</b></a></p><!#!><raw_html>RAW_HTML</raw_html><scroll>SCROLL_END</scroll>
<p>Data Source: "Parametric Data:Connector" needs yours attention <a href="handler:FFSDSRepairer(Parametric Data:Connector)" onClick="window.external.OnLinkClick(this);"><b>Click here to check Data Source.</b></a></p><!#!><raw_html>RAW_HTML</raw_html><scroll>SCROLL_END</scroll>
<p>Data Source: "Parametric Data:Capacitor" needs yours attention <a href="handler:FFSDSRepairer(Parametric Data:Capacitor)" onClick="window.external.OnLinkClick(this);"><b>Click here to check Data Source.</b></a></p><!#!><raw_html>RAW_HTML</raw_html><scroll>SCROLL_END</scroll>
<p>Data Source: "Parametric Data:Inductor" needs yours attention <a href="handler:FFSDSRepairer(Parametric Data:Inductor)" onClick="window.external.OnLinkClick(this);"><b>Click here to check Data Source.</b></a></p><!#!><raw_html>RAW_HTML</raw_html><scroll>SCROLL_END</scroll>
<p>Data Source: "Parametric Data:IC" needs yours attention <a href="handler:FFSDSRepairer(Parametric Data:IC)" onClick="window.external.OnLinkClick(this);"><b>Click here to check Data Source.</b></a></p><!#!><raw_html>RAW_HTML</raw_html><scroll>SCROLL_END</scroll>
<p>Data Source: "Parametric Data:Oscillator" needs yours attention <a href="handler:FFSDSRepairer(Parametric Data:Oscillator)" onClick="window.external.OnLinkClick(this);"><b>Click here to check Data Source.</b></a></p><!#!><raw_html>RAW_HTML</raw_html><scroll>SCROLL_END</scroll>
<p>Data Source: "Parametric Data:Resistor" needs yours attention <a href="handler:FFSDSRepairer(Parametric Data:Resistor)" onClick="window.external.OnLinkClick(this);"><b>Click here to check Data Source.</b></a></p><!#!><raw_html>RAW_HTML</raw_html><scroll>SCROLL_END</scroll>
<p>Data Source: "Parametric Data:Transistor" needs yours attention <a href="handler:FFSDSRepairer(Parametric Data:Transistor)" onClick="window.external.OnLinkClick(this);"><b>Click here to check Data Source.</b></a></p><!#!><raw_html>RAW_HTML</raw_html><scroll>SCROLL_END</scroll>
ICDB server [info]: Starting [Autosave] backup process
ICDB server [info]: [AutoSave] backup of size [52.5 kB] created successfully in location [C:\PADSViewer Projects\DxProjects\Thermistor_Board\ProjectBackup\backups\2017-04-17 18.44.51 - auto.zip]
<p>Data Source: "Parametric Data:Oscillator" needs yours attention <a href="handler:FFSDSRepairer(Parametric Data:Oscillator)" onClick="window.external.OnLinkClick(this);"><b>Click here to check Data Source.</b></a></p><!#!><raw_html>RAW_HTML</raw_html><scroll>SCROLL_END</scroll>
Properties> This property is not defined. Please define the property before editing.
Properties> This property is not defined. Please define the property before editing.
Properties> This property is not defined. Please define the property before editing.
Properties> This property is not defined. Please define the property before editing.
Properties> This property is not defined. Please define the property before editing.
Properties> This property is not defined. Please define the property before editing.
<p>Data Source: "Parametric Data:Oscillator" needs yours attention <a href="handler:FFSDSRepairer(Parametric Data:Oscillator)" onClick="window.external.OnLinkClick(this);"><b>Click here to check Data Source.</b></a></p><!#!><raw_html>RAW_HTML</raw_html><scroll>SCROLL_END</scroll>
<p>Data Source: "Parametric Data:Oscillator" needs yours attention <a href="handler:FFSDSRepairer(Parametric Data:Oscillator)" onClick="window.external.OnLinkClick(this);"><b>Click here to check Data Source.</b></a></p><!#!><raw_html>RAW_HTML</raw_html><scroll>SCROLL_END</scroll>
ICDB server [info]: Starting [Autosave] backup process
ICDB server [info]: [AutoSave] backup of size [76.2 kB] created successfully in location [C:\Users\Scott Sun\Documents\ES96-Electronics\Thermistor_Board\ProjectBackup\backups\2017-04-17 22.44.51 - auto.zip]
<p>Data Source: "Parametric Data:Oscillator" needs yours attention <a href="handler:FFSDSRepairer(Parametric Data:Oscillator)" onClick="window.external.OnLinkClick(this);"><b>Click here to check Data Source.</b></a></p><!#!><raw_html>RAW_HTML</raw_html><scroll>SCROLL_END</scroll>
This symbol represents a Global Signal and cannot be named. To change the signal assignment modify the Global Signal Name property.
This symbol represents a Global Signal and cannot be named. To change the signal assignment modify the Global Signal Name property.
<p>Data Source: "Parametric Data:Capacitor" needs yours attention <a href="handler:FFSDSRepairer(Parametric Data:Capacitor)" onClick="window.external.OnLinkClick(this);"><b>Click here to check Data Source.</b></a></p><!#!><raw_html>RAW_HTML</raw_html><scroll>SCROLL_END</scroll>
<p>Data Source: "Parametric Data:Circuit_Protection" needs yours attention <a href="handler:FFSDSRepairer(Parametric Data:Circuit_Protection)" onClick="window.external.OnLinkClick(this);"><b>Click here to check Data Source.</b></a></p><!#!><raw_html>RAW_HTML</raw_html><scroll>SCROLL_END</scroll>
<p>Data Source: "Parametric Data:Oscillator" needs yours attention <a href="handler:FFSDSRepairer(Parametric Data:Oscillator)" onClick="window.external.OnLinkClick(this);"><b>Click here to check Data Source.</b></a></p><!#!><raw_html>RAW_HTML</raw_html><scroll>SCROLL_END</scroll>
<p>Data Source: "Parametric Data:Diode" needs yours attention <a href="handler:FFSDSRepairer(Parametric Data:Diode)" onClick="window.external.OnLinkClick(this);"><b>Click here to check Data Source.</b></a></p><!#!><raw_html>RAW_HTML</raw_html><scroll>SCROLL_END</scroll>
<p>Data Source: "Parametric Data:IC" needs yours attention <a href="handler:FFSDSRepairer(Parametric Data:IC)" onClick="window.external.OnLinkClick(this);"><b>Click here to check Data Source.</b></a></p><!#!><raw_html>RAW_HTML</raw_html><scroll>SCROLL_END</scroll>
<p>Data Source: "Parametric Data:Resistor" needs yours attention <a href="handler:FFSDSRepairer(Parametric Data:Resistor)" onClick="window.external.OnLinkClick(this);"><b>Click here to check Data Source.</b></a></p><!#!><raw_html>RAW_HTML</raw_html><scroll>SCROLL_END</scroll>
<p>Data Source: "Parametric Data:Transistor" needs yours attention <a href="handler:FFSDSRepairer(Parametric Data:Transistor)" onClick="window.external.OnLinkClick(this);"><b>Click here to check Data Source.</b></a></p><!#!><raw_html>RAW_HTML</raw_html><scroll>SCROLL_END</scroll>
<p>Data Source: "Parametric Data:Display" needs yours attention <a href="handler:FFSDSRepairer(Parametric Data:Display)" onClick="window.external.OnLinkClick(this);"><b>Click here to check Data Source.</b></a></p><!#!><raw_html>RAW_HTML</raw_html><scroll>SCROLL_END</scroll>
<p>Data Source: "Parametric Data:Connector" needs yours attention <a href="handler:FFSDSRepairer(Parametric Data:Connector)" onClick="window.external.OnLinkClick(this);"><b>Click here to check Data Source.</b></a></p><!#!><raw_html>RAW_HTML</raw_html><scroll>SCROLL_END</scroll>
<p>Data Source: "Parametric Data:Inductor" needs yours attention <a href="handler:FFSDSRepairer(Parametric Data:Inductor)" onClick="window.external.OnLinkClick(this);"><b>Click here to check Data Source.</b></a></p><!#!><raw_html>RAW_HTML</raw_html><scroll>SCROLL_END</scroll>
<p>Data Source: "Parametric Data:Connector" needs yours attention <a href="handler:FFSDSRepairer(Parametric Data:Connector)" onClick="window.external.OnLinkClick(this);"><b>Click here to check Data Source.</b></a></p><!#!><raw_html>RAW_HTML</raw_html><scroll>SCROLL_END</scroll>
<p>Data Source: "Parametric Data:Circuit_Protection" needs yours attention <a href="handler:FFSDSRepairer(Parametric Data:Circuit_Protection)" onClick="window.external.OnLinkClick(this);"><b>Click here to check Data Source.</b></a></p><!#!><raw_html>RAW_HTML</raw_html><scroll>SCROLL_END</scroll>
<p>Data Source: "Parametric Data:Diode" needs yours attention <a href="handler:FFSDSRepairer(Parametric Data:Diode)" onClick="window.external.OnLinkClick(this);"><b>Click here to check Data Source.</b></a></p><!#!><raw_html>RAW_HTML</raw_html><scroll>SCROLL_END</scroll>
<p>Data Source: "Parametric Data:Capacitor" needs yours attention <a href="handler:FFSDSRepairer(Parametric Data:Capacitor)" onClick="window.external.OnLinkClick(this);"><b>Click here to check Data Source.</b></a></p><!#!><raw_html>RAW_HTML</raw_html><scroll>SCROLL_END</scroll>
<p>Data Source: "Parametric Data:Resistor" needs yours attention <a href="handler:FFSDSRepairer(Parametric Data:Resistor)" onClick="window.external.OnLinkClick(this);"><b>Click here to check Data Source.</b></a></p><!#!><raw_html>RAW_HTML</raw_html><scroll>SCROLL_END</scroll>
<p>Data Source: "Parametric Data:Transistor" needs yours attention <a href="handler:FFSDSRepairer(Parametric Data:Transistor)" onClick="window.external.OnLinkClick(this);"><b>Click here to check Data Source.</b></a></p><!#!><raw_html>RAW_HTML</raw_html><scroll>SCROLL_END</scroll>
<p>Data Source: "Parametric Data:Oscillator" needs yours attention <a href="handler:FFSDSRepairer(Parametric Data:Oscillator)" onClick="window.external.OnLinkClick(this);"><b>Click here to check Data Source.</b></a></p><!#!><raw_html>RAW_HTML</raw_html><scroll>SCROLL_END</scroll>
<p>Data Source: "Parametric Data:Display" needs yours attention <a href="handler:FFSDSRepairer(Parametric Data:Display)" onClick="window.external.OnLinkClick(this);"><b>Click here to check Data Source.</b></a></p><!#!><raw_html>RAW_HTML</raw_html><scroll>SCROLL_END</scroll>
<p>Data Source: "Parametric Data:Inductor" needs yours attention <a href="handler:FFSDSRepairer(Parametric Data:Inductor)" onClick="window.external.OnLinkClick(this);"><b>Click here to check Data Source.</b></a></p><!#!><raw_html>RAW_HTML</raw_html><scroll>SCROLL_END</scroll>
<p>Data Source: "Parametric Data:IC" needs yours attention <a href="handler:FFSDSRepairer(Parametric Data:IC)" onClick="window.external.OnLinkClick(this);"><b>Click here to check Data Source.</b></a></p><!#!><raw_html>RAW_HTML</raw_html><scroll>SCROLL_END</scroll>
<p>Data Source: "Parametric Data:Capacitor" needs yours attention <a href="handler:FFSDSRepairer(Parametric Data:Capacitor)" onClick="window.external.OnLinkClick(this);"><b>Click here to check Data Source.</b></a></p><!#!><raw_html>RAW_HTML</raw_html><scroll>SCROLL_END</scroll>
<p>Data Source: "Parametric Data:Diode" needs yours attention <a href="handler:FFSDSRepairer(Parametric Data:Diode)" onClick="window.external.OnLinkClick(this);"><b>Click here to check Data Source.</b></a></p><!#!><raw_html>RAW_HTML</raw_html><scroll>SCROLL_END</scroll>
<p>Data Source: "Parametric Data:Circuit_Protection" needs yours attention <a href="handler:FFSDSRepairer(Parametric Data:Circuit_Protection)" onClick="window.external.OnLinkClick(this);"><b>Click here to check Data Source.</b></a></p><!#!><raw_html>RAW_HTML</raw_html><scroll>SCROLL_END</scroll>
<p>Data Source: "Parametric Data:Display" needs yours attention <a href="handler:FFSDSRepairer(Parametric Data:Display)" onClick="window.external.OnLinkClick(this);"><b>Click here to check Data Source.</b></a></p><!#!><raw_html>RAW_HTML</raw_html><scroll>SCROLL_END</scroll>
<p>Data Source: "Parametric Data:IC" needs yours attention <a href="handler:FFSDSRepairer(Parametric Data:IC)" onClick="window.external.OnLinkClick(this);"><b>Click here to check Data Source.</b></a></p><!#!><raw_html>RAW_HTML</raw_html><scroll>SCROLL_END</scroll>
<p>Data Source: "Parametric Data:Resistor" needs yours attention <a href="handler:FFSDSRepairer(Parametric Data:Resistor)" onClick="window.external.OnLinkClick(this);"><b>Click here to check Data Source.</b></a></p><!#!><raw_html>RAW_HTML</raw_html><scroll>SCROLL_END</scroll>
<p>Data Source: "Parametric Data:Connector" needs yours attention <a href="handler:FFSDSRepairer(Parametric Data:Connector)" onClick="window.external.OnLinkClick(this);"><b>Click here to check Data Source.</b></a></p><!#!><raw_html>RAW_HTML</raw_html><scroll>SCROLL_END</scroll>
<p>Data Source: "Parametric Data:Inductor" needs yours attention <a href="handler:FFSDSRepairer(Parametric Data:Inductor)" onClick="window.external.OnLinkClick(this);"><b>Click here to check Data Source.</b></a></p><!#!><raw_html>RAW_HTML</raw_html><scroll>SCROLL_END</scroll>
<p>Data Source: "Parametric Data:Oscillator" needs yours attention <a href="handler:FFSDSRepairer(Parametric Data:Oscillator)" onClick="window.external.OnLinkClick(this);"><b>Click here to check Data Source.</b></a></p><!#!><raw_html>RAW_HTML</raw_html><scroll>SCROLL_END</scroll>
<p>Data Source: "Parametric Data:Transistor" needs yours attention <a href="handler:FFSDSRepairer(Parametric Data:Transistor)" onClick="window.external.OnLinkClick(this);"><b>Click here to check Data Source.</b></a></p><!#!><raw_html>RAW_HTML</raw_html><scroll>SCROLL_END</scroll>
<p>Data Source: "Parametric Data:Capacitor" needs yours attention <a href="handler:FFSDSRepairer(Parametric Data:Capacitor)" onClick="window.external.OnLinkClick(this);"><b>Click here to check Data Source.</b></a></p><!#!><raw_html>RAW_HTML</raw_html><scroll>SCROLL_END</scroll>
<p>Data Source: "Parametric Data:Resistor" needs yours attention <a href="handler:FFSDSRepairer(Parametric Data:Resistor)" onClick="window.external.OnLinkClick(this);"><b>Click here to check Data Source.</b></a></p><!#!><raw_html>RAW_HTML</raw_html><scroll>SCROLL_END</scroll>
<p>Data Source: "Parametric Data:Circuit_Protection" needs yours attention <a href="handler:FFSDSRepairer(Parametric Data:Circuit_Protection)" onClick="window.external.OnLinkClick(this);"><b>Click here to check Data Source.</b></a></p><!#!><raw_html>RAW_HTML</raw_html><scroll>SCROLL_END</scroll>
<p>Data Source: "Parametric Data:Connector" needs yours attention <a href="handler:FFSDSRepairer(Parametric Data:Connector)" onClick="window.external.OnLinkClick(this);"><b>Click here to check Data Source.</b></a></p><!#!><raw_html>RAW_HTML</raw_html><scroll>SCROLL_END</scroll>
<p>Data Source: "Parametric Data:Display" needs yours attention <a href="handler:FFSDSRepairer(Parametric Data:Display)" onClick="window.external.OnLinkClick(this);"><b>Click here to check Data Source.</b></a></p><!#!><raw_html>RAW_HTML</raw_html><scroll>SCROLL_END</scroll>
<p>Data Source: "Parametric Data:Diode" needs yours attention <a href="handler:FFSDSRepairer(Parametric Data:Diode)" onClick="window.external.OnLinkClick(this);"><b>Click here to check Data Source.</b></a></p><!#!><raw_html>RAW_HTML</raw_html><scroll>SCROLL_END</scroll>
<p>Data Source: "Parametric Data:Inductor" needs yours attention <a href="handler:FFSDSRepairer(Parametric Data:Inductor)" onClick="window.external.OnLinkClick(this);"><b>Click here to check Data Source.</b></a></p><!#!><raw_html>RAW_HTML</raw_html><scroll>SCROLL_END</scroll>
<p>Data Source: "Parametric Data:Oscillator" needs yours attention <a href="handler:FFSDSRepairer(Parametric Data:Oscillator)" onClick="window.external.OnLinkClick(this);"><b>Click here to check Data Source.</b></a></p><!#!><raw_html>RAW_HTML</raw_html><scroll>SCROLL_END</scroll>
<p>Data Source: "Parametric Data:IC" needs yours attention <a href="handler:FFSDSRepairer(Parametric Data:IC)" onClick="window.external.OnLinkClick(this);"><b>Click here to check Data Source.</b></a></p><!#!><raw_html>RAW_HTML</raw_html><scroll>SCROLL_END</scroll>
<p>Data Source: "Parametric Data:Transistor" needs yours attention <a href="handler:FFSDSRepairer(Parametric Data:Transistor)" onClick="window.external.OnLinkClick(this);"><b>Click here to check Data Source.</b></a></p><!#!><raw_html>RAW_HTML</raw_html><scroll>SCROLL_END</scroll>
<p>Data Source: "Parametric Data:Oscillator" needs yours attention <a href="handler:FFSDSRepairer(Parametric Data:Oscillator)" onClick="window.external.OnLinkClick(this);"><b>Click here to check Data Source.</b></a></p><!#!><raw_html>RAW_HTML</raw_html><scroll>SCROLL_END</scroll>
<p>Data Source: "Parametric Data:Connector" needs yours attention <a href="handler:FFSDSRepairer(Parametric Data:Connector)" onClick="window.external.OnLinkClick(this);"><b>Click here to check Data Source.</b></a></p><!#!><raw_html>RAW_HTML</raw_html><scroll>SCROLL_END</scroll>
<p>Data Source: "Parametric Data:Resistor" needs yours attention <a href="handler:FFSDSRepairer(Parametric Data:Resistor)" onClick="window.external.OnLinkClick(this);"><b>Click here to check Data Source.</b></a></p><!#!><raw_html>RAW_HTML</raw_html><scroll>SCROLL_END</scroll>
<p>Data Source: "Parametric Data:Transistor" needs yours attention <a href="handler:FFSDSRepairer(Parametric Data:Transistor)" onClick="window.external.OnLinkClick(this);"><b>Click here to check Data Source.</b></a></p><!#!><raw_html>RAW_HTML</raw_html><scroll>SCROLL_END</scroll>
<p>Data Source: "Parametric Data:Inductor" needs yours attention <a href="handler:FFSDSRepairer(Parametric Data:Inductor)" onClick="window.external.OnLinkClick(this);"><b>Click here to check Data Source.</b></a></p><!#!><raw_html>RAW_HTML</raw_html><scroll>SCROLL_END</scroll>
<p>Data Source: "Parametric Data:Circuit_Protection" needs yours attention <a href="handler:FFSDSRepairer(Parametric Data:Circuit_Protection)" onClick="window.external.OnLinkClick(this);"><b>Click here to check Data Source.</b></a></p><!#!><raw_html>RAW_HTML</raw_html><scroll>SCROLL_END</scroll>
<p>Data Source: "Parametric Data:Display" needs yours attention <a href="handler:FFSDSRepairer(Parametric Data:Display)" onClick="window.external.OnLinkClick(this);"><b>Click here to check Data Source.</b></a></p><!#!><raw_html>RAW_HTML</raw_html><scroll>SCROLL_END</scroll>
<p>Data Source: "Parametric Data:IC" needs yours attention <a href="handler:FFSDSRepairer(Parametric Data:IC)" onClick="window.external.OnLinkClick(this);"><b>Click here to check Data Source.</b></a></p><!#!><raw_html>RAW_HTML</raw_html><scroll>SCROLL_END</scroll>
<p>Data Source: "Parametric Data:Diode" needs yours attention <a href="handler:FFSDSRepairer(Parametric Data:Diode)" onClick="window.external.OnLinkClick(this);"><b>Click here to check Data Source.</b></a></p><!#!><raw_html>RAW_HTML</raw_html><scroll>SCROLL_END</scroll>
<p>Data Source: "Parametric Data:Capacitor" needs yours attention <a href="handler:FFSDSRepairer(Parametric Data:Capacitor)" onClick="window.external.OnLinkClick(this);"><b>Click here to check Data Source.</b></a></p><!#!><raw_html>RAW_HTML</raw_html><scroll>SCROLL_END</scroll>
<p>Data Source: "Parametric Data:Connector" needs yours attention <a href="handler:FFSDSRepairer(Parametric Data:Connector)" onClick="window.external.OnLinkClick(this);"><b>Click here to check Data Source.</b></a></p><!#!><raw_html>RAW_HTML</raw_html><scroll>SCROLL_END</scroll>
<p>Data Source: "Parametric Data:Display" needs yours attention <a href="handler:FFSDSRepairer(Parametric Data:Display)" onClick="window.external.OnLinkClick(this);"><b>Click here to check Data Source.</b></a></p><!#!><raw_html>RAW_HTML</raw_html><scroll>SCROLL_END</scroll>
<p>Data Source: "Parametric Data:Diode" needs yours attention <a href="handler:FFSDSRepairer(Parametric Data:Diode)" onClick="window.external.OnLinkClick(this);"><b>Click here to check Data Source.</b></a></p><!#!><raw_html>RAW_HTML</raw_html><scroll>SCROLL_END</scroll>
<p>Data Source: "Parametric Data:IC" needs yours attention <a href="handler:FFSDSRepairer(Parametric Data:IC)" onClick="window.external.OnLinkClick(this);"><b>Click here to check Data Source.</b></a></p><!#!><raw_html>RAW_HTML</raw_html><scroll>SCROLL_END</scroll>
<p>Data Source: "Parametric Data:Oscillator" needs yours attention <a href="handler:FFSDSRepairer(Parametric Data:Oscillator)" onClick="window.external.OnLinkClick(this);"><b>Click here to check Data Source.</b></a></p><!#!><raw_html>RAW_HTML</raw_html><scroll>SCROLL_END</scroll>
<p>Data Source: "Parametric Data:Circuit_Protection" needs yours attention <a href="handler:FFSDSRepairer(Parametric Data:Circuit_Protection)" onClick="window.external.OnLinkClick(this);"><b>Click here to check Data Source.</b></a></p><!#!><raw_html>RAW_HTML</raw_html><scroll>SCROLL_END</scroll>
<p>Data Source: "Parametric Data:Inductor" needs yours attention <a href="handler:FFSDSRepairer(Parametric Data:Inductor)" onClick="window.external.OnLinkClick(this);"><b>Click here to check Data Source.</b></a></p><!#!><raw_html>RAW_HTML</raw_html><scroll>SCROLL_END</scroll>
<p>Data Source: "Parametric Data:Resistor" needs yours attention <a href="handler:FFSDSRepairer(Parametric Data:Resistor)" onClick="window.external.OnLinkClick(this);"><b>Click here to check Data Source.</b></a></p><!#!><raw_html>RAW_HTML</raw_html><scroll>SCROLL_END</scroll>
<p>Data Source: "Parametric Data:Capacitor" needs yours attention <a href="handler:FFSDSRepairer(Parametric Data:Capacitor)" onClick="window.external.OnLinkClick(this);"><b>Click here to check Data Source.</b></a></p><!#!><raw_html>RAW_HTML</raw_html><scroll>SCROLL_END</scroll>
<p>Data Source: "Parametric Data:Transistor" needs yours attention <a href="handler:FFSDSRepairer(Parametric Data:Transistor)" onClick="window.external.OnLinkClick(this);"><b>Click here to check Data Source.</b></a></p><!#!><raw_html>RAW_HTML</raw_html><scroll>SCROLL_END</scroll>
<p>Data Source: "Parametric Data:Resistor" needs yours attention <a href="handler:FFSDSRepairer(Parametric Data:Resistor)" onClick="window.external.OnLinkClick(this);"><b>Click here to check Data Source.</b></a></p><!#!><raw_html>RAW_HTML</raw_html><scroll>SCROLL_END</scroll>
<p>Data Source: "Parametric Data:Capacitor" needs yours attention <a href="handler:FFSDSRepairer(Parametric Data:Capacitor)" onClick="window.external.OnLinkClick(this);"><b>Click here to check Data Source.</b></a></p><!#!><raw_html>RAW_HTML</raw_html><scroll>SCROLL_END</scroll>
<p>Data Source: "Parametric Data:Circuit_Protection" needs yours attention <a href="handler:FFSDSRepairer(Parametric Data:Circuit_Protection)" onClick="window.external.OnLinkClick(this);"><b>Click here to check Data Source.</b></a></p><!#!><raw_html>RAW_HTML</raw_html><scroll>SCROLL_END</scroll>
<p>Data Source: "Parametric Data:Oscillator" needs yours attention <a href="handler:FFSDSRepairer(Parametric Data:Oscillator)" onClick="window.external.OnLinkClick(this);"><b>Click here to check Data Source.</b></a></p><!#!><raw_html>RAW_HTML</raw_html><scroll>SCROLL_END</scroll>
<p>Data Source: "Parametric Data:Connector" needs yours attention <a href="handler:FFSDSRepairer(Parametric Data:Connector)" onClick="window.external.OnLinkClick(this);"><b>Click here to check Data Source.</b></a></p><!#!><raw_html>RAW_HTML</raw_html><scroll>SCROLL_END</scroll>
<p>Data Source: "Parametric Data:Display" needs yours attention <a href="handler:FFSDSRepairer(Parametric Data:Display)" onClick="window.external.OnLinkClick(this);"><b>Click here to check Data Source.</b></a></p><!#!><raw_html>RAW_HTML</raw_html><scroll>SCROLL_END</scroll>
<p>Data Source: "Parametric Data:IC" needs yours attention <a href="handler:FFSDSRepairer(Parametric Data:IC)" onClick="window.external.OnLinkClick(this);"><b>Click here to check Data Source.</b></a></p><!#!><raw_html>RAW_HTML</raw_html><scroll>SCROLL_END</scroll>
<p>Data Source: "Parametric Data:Diode" needs yours attention <a href="handler:FFSDSRepairer(Parametric Data:Diode)" onClick="window.external.OnLinkClick(this);"><b>Click here to check Data Source.</b></a></p><!#!><raw_html>RAW_HTML</raw_html><scroll>SCROLL_END</scroll>
<p>Data Source: "Parametric Data:Inductor" needs yours attention <a href="handler:FFSDSRepairer(Parametric Data:Inductor)" onClick="window.external.OnLinkClick(this);"><b>Click here to check Data Source.</b></a></p><!#!><raw_html>RAW_HTML</raw_html><scroll>SCROLL_END</scroll>
<p>Data Source: "Parametric Data:Transistor" needs yours attention <a href="handler:FFSDSRepairer(Parametric Data:Transistor)" onClick="window.external.OnLinkClick(this);"><b>Click here to check Data Source.</b></a></p><!#!><raw_html>RAW_HTML</raw_html><scroll>SCROLL_END</scroll>
<p>Data Source: "Parametric Data:Capacitor" needs yours attention <a href="handler:FFSDSRepairer(Parametric Data:Capacitor)" onClick="window.external.OnLinkClick(this);"><b>Click here to check Data Source.</b></a></p><!#!><raw_html>RAW_HTML</raw_html><scroll>SCROLL_END</scroll>
<p>Data Source: "Parametric Data:Display" needs yours attention <a href="handler:FFSDSRepairer(Parametric Data:Display)" onClick="window.external.OnLinkClick(this);"><b>Click here to check Data Source.</b></a></p><!#!><raw_html>RAW_HTML</raw_html><scroll>SCROLL_END</scroll>
<p>Data Source: "Parametric Data:Resistor" needs yours attention <a href="handler:FFSDSRepairer(Parametric Data:Resistor)" onClick="window.external.OnLinkClick(this);"><b>Click here to check Data Source.</b></a></p><!#!><raw_html>RAW_HTML</raw_html><scroll>SCROLL_END</scroll>
<p>Data Source: "Parametric Data:Connector" needs yours attention <a href="handler:FFSDSRepairer(Parametric Data:Connector)" onClick="window.external.OnLinkClick(this);"><b>Click here to check Data Source.</b></a></p><!#!><raw_html>RAW_HTML</raw_html><scroll>SCROLL_END</scroll>
<p>Data Source: "Parametric Data:Oscillator" needs yours attention <a href="handler:FFSDSRepairer(Parametric Data:Oscillator)" onClick="window.external.OnLinkClick(this);"><b>Click here to check Data Source.</b></a></p><!#!><raw_html>RAW_HTML</raw_html><scroll>SCROLL_END</scroll>
<p>Data Source: "Parametric Data:Diode" needs yours attention <a href="handler:FFSDSRepairer(Parametric Data:Diode)" onClick="window.external.OnLinkClick(this);"><b>Click here to check Data Source.</b></a></p><!#!><raw_html>RAW_HTML</raw_html><scroll>SCROLL_END</scroll>
<p>Data Source: "Parametric Data:Transistor" needs yours attention <a href="handler:FFSDSRepairer(Parametric Data:Transistor)" onClick="window.external.OnLinkClick(this);"><b>Click here to check Data Source.</b></a></p><!#!><raw_html>RAW_HTML</raw_html><scroll>SCROLL_END</scroll>
<p>Data Source: "Parametric Data:IC" needs yours attention <a href="handler:FFSDSRepairer(Parametric Data:IC)" onClick="window.external.OnLinkClick(this);"><b>Click here to check Data Source.</b></a></p><!#!><raw_html>RAW_HTML</raw_html><scroll>SCROLL_END</scroll>
<p>Data Source: "Parametric Data:Circuit_Protection" needs yours attention <a href="handler:FFSDSRepairer(Parametric Data:Circuit_Protection)" onClick="window.external.OnLinkClick(this);"><b>Click here to check Data Source.</b></a></p><!#!><raw_html>RAW_HTML</raw_html><scroll>SCROLL_END</scroll>
<p>Data Source: "Parametric Data:Inductor" needs yours attention <a href="handler:FFSDSRepairer(Parametric Data:Inductor)" onClick="window.external.OnLinkClick(this);"><b>Click here to check Data Source.</b></a></p><!#!><raw_html>RAW_HTML</raw_html><scroll>SCROLL_END</scroll>
<p>Data Source: "Parametric Data:Resistor" needs yours attention <a href="handler:FFSDSRepairer(Parametric Data:Resistor)" onClick="window.external.OnLinkClick(this);"><b>Click here to check Data Source.</b></a></p><!#!><raw_html>RAW_HTML</raw_html><scroll>SCROLL_END</scroll>
<p>Data Source: "Parametric Data:Connector" needs yours attention <a href="handler:FFSDSRepairer(Parametric Data:Connector)" onClick="window.external.OnLinkClick(this);"><b>Click here to check Data Source.</b></a></p><!#!><raw_html>RAW_HTML</raw_html><scroll>SCROLL_END</scroll>
<p>Data Source: "Parametric Data:Capacitor" needs yours attention <a href="handler:FFSDSRepairer(Parametric Data:Capacitor)" onClick="window.external.OnLinkClick(this);"><b>Click here to check Data Source.</b></a></p><!#!><raw_html>RAW_HTML</raw_html><scroll>SCROLL_END</scroll>
<p>Data Source: "Parametric Data:Display" needs yours attention <a href="handler:FFSDSRepairer(Parametric Data:Display)" onClick="window.external.OnLinkClick(this);"><b>Click here to check Data Source.</b></a></p><!#!><raw_html>RAW_HTML</raw_html><scroll>SCROLL_END</scroll>
<p>Data Source: "Parametric Data:Inductor" needs yours attention <a href="handler:FFSDSRepairer(Parametric Data:Inductor)" onClick="window.external.OnLinkClick(this);"><b>Click here to check Data Source.</b></a></p><!#!><raw_html>RAW_HTML</raw_html><scroll>SCROLL_END</scroll>
<p>Data Source: "Parametric Data:Oscillator" needs yours attention <a href="handler:FFSDSRepairer(Parametric Data:Oscillator)" onClick="window.external.OnLinkClick(this);"><b>Click here to check Data Source.</b></a></p><!#!><raw_html>RAW_HTML</raw_html><scroll>SCROLL_END</scroll>
<p>Data Source: "Parametric Data:Circuit_Protection" needs yours attention <a href="handler:FFSDSRepairer(Parametric Data:Circuit_Protection)" onClick="window.external.OnLinkClick(this);"><b>Click here to check Data Source.</b></a></p><!#!><raw_html>RAW_HTML</raw_html><scroll>SCROLL_END</scroll>
<p>Data Source: "Parametric Data:IC" needs yours attention <a href="handler:FFSDSRepairer(Parametric Data:IC)" onClick="window.external.OnLinkClick(this);"><b>Click here to check Data Source.</b></a></p><!#!><raw_html>RAW_HTML</raw_html><scroll>SCROLL_END</scroll>
<p>Data Source: "Parametric Data:Diode" needs yours attention <a href="handler:FFSDSRepairer(Parametric Data:Diode)" onClick="window.external.OnLinkClick(this);"><b>Click here to check Data Source.</b></a></p><!#!><raw_html>RAW_HTML</raw_html><scroll>SCROLL_END</scroll>
<p>Data Source: "Parametric Data:Transistor" needs yours attention <a href="handler:FFSDSRepairer(Parametric Data:Transistor)" onClick="window.external.OnLinkClick(this);"><b>Click here to check Data Source.</b></a></p><!#!><raw_html>RAW_HTML</raw_html><scroll>SCROLL_END</scroll>
<p>Data Source: "Parametric Data:Capacitor" needs yours attention <a href="handler:FFSDSRepairer(Parametric Data:Capacitor)" onClick="window.external.OnLinkClick(this);"><b>Click here to check Data Source.</b></a></p><!#!><raw_html>RAW_HTML</raw_html><scroll>SCROLL_END</scroll>
<p>Data Source: "Parametric Data:Connector" needs yours attention <a href="handler:FFSDSRepairer(Parametric Data:Connector)" onClick="window.external.OnLinkClick(this);"><b>Click here to check Data Source.</b></a></p><!#!><raw_html>RAW_HTML</raw_html><scroll>SCROLL_END</scroll>
<p>Data Source: "Parametric Data:Circuit_Protection" needs yours attention <a href="handler:FFSDSRepairer(Parametric Data:Circuit_Protection)" onClick="window.external.OnLinkClick(this);"><b>Click here to check Data Source.</b></a></p><!#!><raw_html>RAW_HTML</raw_html><scroll>SCROLL_END</scroll>
<p>Data Source: "Parametric Data:Inductor" needs yours attention <a href="handler:FFSDSRepairer(Parametric Data:Inductor)" onClick="window.external.OnLinkClick(this);"><b>Click here to check Data Source.</b></a></p><!#!><raw_html>RAW_HTML</raw_html><scroll>SCROLL_END</scroll>
<p>Data Source: "Parametric Data:Oscillator" needs yours attention <a href="handler:FFSDSRepairer(Parametric Data:Oscillator)" onClick="window.external.OnLinkClick(this);"><b>Click here to check Data Source.</b></a></p><!#!><raw_html>RAW_HTML</raw_html><scroll>SCROLL_END</scroll>
<p>Data Source: "Parametric Data:Transistor" needs yours attention <a href="handler:FFSDSRepairer(Parametric Data:Transistor)" onClick="window.external.OnLinkClick(this);"><b>Click here to check Data Source.</b></a></p><!#!><raw_html>RAW_HTML</raw_html><scroll>SCROLL_END</scroll>
<p>Data Source: "Parametric Data:Diode" needs yours attention <a href="handler:FFSDSRepairer(Parametric Data:Diode)" onClick="window.external.OnLinkClick(this);"><b>Click here to check Data Source.</b></a></p><!#!><raw_html>RAW_HTML</raw_html><scroll>SCROLL_END</scroll>
<p>Data Source: "Parametric Data:Display" needs yours attention <a href="handler:FFSDSRepairer(Parametric Data:Display)" onClick="window.external.OnLinkClick(this);"><b>Click here to check Data Source.</b></a></p><!#!><raw_html>RAW_HTML</raw_html><scroll>SCROLL_END</scroll>
<p>Data Source: "Parametric Data:IC" needs yours attention <a href="handler:FFSDSRepairer(Parametric Data:IC)" onClick="window.external.OnLinkClick(this);"><b>Click here to check Data Source.</b></a></p><!#!><raw_html>RAW_HTML</raw_html><scroll>SCROLL_END</scroll>
<p>Data Source: "Parametric Data:Resistor" needs yours attention <a href="handler:FFSDSRepairer(Parametric Data:Resistor)" onClick="window.external.OnLinkClick(this);"><b>Click here to check Data Source.</b></a></p><!#!><raw_html>RAW_HTML</raw_html><scroll>SCROLL_END</scroll>
<p>Data Source: "Parametric Data:Oscillator" needs yours attention <a href="handler:FFSDSRepairer(Parametric Data:Oscillator)" onClick="window.external.OnLinkClick(this);"><b>Click here to check Data Source.</b></a></p><!#!><raw_html>RAW_HTML</raw_html><scroll>SCROLL_END</scroll>
This symbol represents a Global Signal and cannot be named. To change the signal assignment modify the Global Signal Name property.
Properties> Illegal property value, the regular expression for this property value is: (\u|\d|-|_|,|\?)*
Properties> Illegal property value, the regular expression for this property value is: (\u|\d|-|_|,|\?)*
Properties> Illegal property value, the regular expression for this property value is: (\u|\d|-|_|,|\?)*
ICDB server [info]: Starting [Autosave] backup process
ICDB server [info]: [AutoSave] backup of size [113.2 kB] created successfully in location [C:\Users\Scott Sun\Documents\ES96-Electronics\Thermistor_Board\ProjectBackup\backups\2017-04-18 02.44.51 - auto.zip]
